# JRE version: OpenJDK Runtime Environment Microsoft-8035246 (17.0.8+7) (build 17.0.8+7-LTS)
# Java VM: OpenJDK 64-Bit Server VM Microsoft-8035246 (17.0.8+7-LTS, mixed mode, sharing, tiered, compressed oops, compressed class ptrs, g1 gc, windows-amd64)
GC Precious Log:
 CPUs: 8 total, 8 available
 Memory: 16253M
 Large Page Support: Disabled
 NUMA Support: Disabled
 Compressed Oops: Enabled (32-bit)
 Heap Region Size: 1M
 Heap Min Capacity: 8M
 Heap Initial Capacity: 254M
 Heap Max Capacity: 2G
 Pre-touch: Disabled
 Parallel Workers: 8
 Concurrent Workers: 2
 Concurrent Refinement Workers: 8
 Periodic GC: Disabled
Heap:
 garbage-first heap   total 232448K, used 188793K [0x0000000080000000, 0x0000000100000000)
  region size 1024K, 35 young (35840K), 5 survivors (5120K)
 Metaspace       used 102066K, committed 102976K, reserved 557056K
  class space    used 14152K, committed 14592K, reserved 425984K
GC Heap History (20 events):
Event: 34.901 GC heap before
{Heap before GC invocations=63 (full 0):
 garbage-first heap   total 198656K, used 127801K [0x0000000080000000, 0x0000000100000000)
  region size 1024K, 9 young (9216K), 4 survivors (4096K)
 Metaspace       used 89624K, committed 90496K, reserved 557056K
  class space    used 12587K, committed 12992K, reserved 425984K
}
Event: 34.905 GC heap after
{Heap after GC invocations=64 (full 0):
 garbage-first heap   total 198656K, used 123186K [0x0000000080000000, 0x0000000100000000)
  region size 1024K, 2 young (2048K), 2 survivors (2048K)
 Metaspace       used 89624K, committed 90496K, reserved 557056K
  class space    used 12587K, committed 12992K, reserved 425984K
}
Event: 35.614 GC heap before
{Heap before GC invocations=64 (full 0):
 garbage-first heap   total 198656K, used 159026K [0x0000000080000000, 0x0000000100000000)
  region size 1024K, 37 young (37888K), 2 survivors (2048K)
 Metaspace       used 90032K, committed 90944K, reserved 557056K
  class space    used 12628K, committed 13056K, reserved 425984K
}
Event: 35.619 GC heap after
{Heap after GC invocations=65 (full 0):
 garbage-first heap   total 198656K, used 132750K [0x0000000080000000, 0x0000000100000000)
  region size 1024K, 5 young (5120K), 5 survivors (5120K)
 Metaspace       used 90032K, committed 90944K, reserved 557056K
  class space    used 12628K, committed 13056K, reserved 425984K
}
Event: 36.018 GC heap before
{Heap before GC invocations=66 (full 0):
 garbage-first heap   total 232448K, used 158350K [0x0000000080000000, 0x0000000100000000)
  region size 1024K, 30 young (30720K), 5 survivors (5120K)
 Metaspace       used 91129K, committed 91968K, reserved 557056K
  class space    used 12769K, committed 13184K, reserved 425984K
}
Event: 36.022 GC heap after
{Heap after GC invocations=67 (full 0):
 garbage-first heap   total 232448K, used 136249K [0x0000000080000000, 0x0000000100000000)
  region size 1024K, 3 young (3072K), 3 survivors (3072K)
 Metaspace       used 91129K, committed 91968K, reserved 557056K
  class space    used 12769K, committed 13184K, reserved 425984K
}
Event: 36.157 GC heap before
{Heap before GC invocations=67 (full 0):
 garbage-first heap   total 232448K, used 144441K [0x0000000080000000, 0x0000000100000000)
  region size 1024K, 11 young (11264K), 3 survivors (3072K)
 Metaspace       used 91771K, committed 92736K, reserved 557056K
  class space    used 12867K, committed 13312K, reserved 425984K
}
Event: 36.161 GC heap after
{Heap after GC invocations=68 (full 0):
 garbage-first heap   total 232448K, used 136281K [0x0000000080000000, 0x0000000100000000)
  region size 1024K, 1 young (1024K), 1 survivors (1024K)
 Metaspace       used 91771K, committed 92736K, reserved 557056K
  class space    used 12867K, committed 13312K, reserved 425984K
}
Event: 37.079 GC heap before
{Heap before GC invocations=68 (full 0):
 garbage-first heap   total 232448K, used 182361K [0x0000000080000000, 0x0000000100000000)
  region size 1024K, 46 young (47104K), 1 survivors (1024K)
 Metaspace       used 96019K, committed 96960K, reserved 557056K
  class space    used 13452K, committed 13888K, reserved 425984K
}
Event: 37.083 GC heap after
{Heap after GC invocations=69 (full 0):
 garbage-first heap   total 232448K, used 139091K [0x0000000080000000, 0x0000000100000000)
  region size 1024K, 4 young (4096K), 4 survivors (4096K)
 Metaspace       used 96019K, committed 96960K, reserved 557056K
  class space    used 13452K, committed 13888K, reserved 425984K
}
Event: 37.902 GC heap before
{Heap before GC invocations=69 (full 0):
 garbage-first heap   total 232448K, used 185171K [0x0000000080000000, 0x0000000100000000)
  region size 1024K, 49 young (50176K), 4 survivors (4096K)
 Metaspace       used 97965K, committed 98880K, reserved 557056K
  class space    used 13698K, committed 14144K, reserved 425984K
}
Event: 37.907 GC heap after
{Heap after GC invocations=70 (full 0):
 garbage-first heap   total 232448K, used 142904K [0x0000000080000000, 0x0000000100000000)
  region size 1024K, 7 young (7168K), 7 survivors (7168K)
 Metaspace       used 97965K, committed 98880K, reserved 557056K
  class space    used 13698K, committed 14144K, reserved 425984K
}
Event: 38.649 GC heap before
{Heap before GC invocations=70 (full 0):
 garbage-first heap   total 232448K, used 188984K [0x0000000080000000, 0x0000000100000000)
  region size 1024K, 52 young (53248K), 7 survivors (7168K)
 Metaspace       used 98618K, committed 99584K, reserved 557056K
  class space    used 13756K, committed 14208K, reserved 425984K
}
Event: 38.658 GC heap after
{Heap after GC invocations=71 (full 0):
 garbage-first heap   total 232448K, used 148169K [0x0000000080000000, 0x0000000100000000)
  region size 1024K, 6 young (6144K), 6 survivors (6144K)
 Metaspace       used 98618K, committed 99584K, reserved 557056K
  class space    used 13756K, committed 14208K, reserved 425984K
}
Event: 39.396 GC heap before
{Heap before GC invocations=71 (full 0):
 garbage-first heap   total 232448K, used 195273K [0x0000000080000000, 0x0000000100000000)
  region size 1024K, 48 young (49152K), 6 survivors (6144K)
 Metaspace       used 101078K, committed 102080K, reserved 557056K
  class space    used 14040K, committed 14528K, reserved 425984K
}
Event: 39.403 GC heap after
{Heap after GC invocations=72 (full 0):
 garbage-first heap   total 232448K, used 153845K [0x0000000080000000, 0x0000000100000000)
  region size 1024K, 6 young (6144K), 6 survivors (6144K)
 Metaspace       used 101078K, committed 102080K, reserved 557056K
  class space    used 14040K, committed 14528K, reserved 425984K
}
Event: 39.944 GC heap before
{Heap before GC invocations=72 (full 0):
 garbage-first heap   total 232448K, used 191733K [0x0000000080000000, 0x0000000100000000)
  region size 1024K, 44 young (45056K), 6 survivors (6144K)
 Metaspace       used 101460K, committed 102464K, reserved 557056K
  class space    used 14057K, committed 14528K, reserved 425984K
}
Event: 39.949 GC heap after
{Heap after GC invocations=73 (full 0):
 garbage-first heap   total 232448K, used 155770K [0x0000000080000000, 0x0000000100000000)
  region size 1024K, 2 young (2048K), 2 survivors (2048K)
 Metaspace       used 101460K, committed 102464K, reserved 557056K
  class space    used 14057K, committed 14528K, reserved 425984K
}
Event: 40.655 GC heap before
{Heap before GC invocations=73 (full 0):
 garbage-first heap   total 232448K, used 193658K [0x0000000080000000, 0x0000000100000000)
  region size 1024K, 40 young (40960K), 2 survivors (2048K)
 Metaspace       used 102014K, committed 102912K, reserved 557056K
  class space    used 14152K, committed 14592K, reserved 425984K
}
Event: 40.659 GC heap after
{Heap after GC invocations=74 (full 0):
 garbage-first heap   total 232448K, used 160121K [0x0000000080000000, 0x0000000100000000)
  region size 1024K, 5 young (5120K), 5 survivors (5120K)
 Metaspace       used 102014K, committed 102912K, reserved 557056K
  class space    used 14152K, committed 14592K, reserved 425984K
}

